<?xml version="1.0" encoding="UTF-8"?>
<!-- Generated by org.testng.reporters.JUnitReportReporter -->
<testsuite hostname="C10240" failures="1" tests="1" name="cucumberOptions.TestNGFailedTestRunner" time="8.201" errors="0" timestamp="2023-02-24T00:08:14 EET" skipped="0">
  <testcase classname="cucumberOptions.TestNGFailedTestRunner" name="runScenario" time="8.201">
    <failure message="expected [Beetroot] but found [No data]" type="java.lang.AssertionError">
      <![CDATA[java.lang.AssertionError: expected [Beetroot] but found [No data]
at org.testng.Assert.fail(Assert.java:110)
at org.testng.Assert.failNotEquals(Assert.java:1577)
at org.testng.Assert.assertEqualsImpl(Assert.java:149)
at org.testng.Assert.assertEquals(Assert.java:131)
at org.testng.Assert.assertEquals(Assert.java:655)
at org.testng.Assert.assertEquals(Assert.java:665)
at stepDefinitions.OffersPageStepDefinition.validateProductNameInOffersPageMatchesWithLandingPage(OffersPageStepDefinition.java:34)
at ✽.Validate product name in offers page matches with landing page(file:///Users/mfratila/Documents/Java/Java%20Course/CucumberSelenium/src/test/java/features/searchProduct.feature:8)
]]>
    </failure>
  </testcase> <!-- runScenario -->
  <system-out/>
</testsuite> <!-- cucumberOptions.TestNGFailedTestRunner -->
